Using pre-set license
Built from '2020.2/staging' branch; Version is '2020.2.6f1 (8a2143876886) revision 9052483'; Using compiler version '192528614'; Build Type 'Release'
OS: 'Windows 10 Home; OS build 19041.867; Version 2004; 64bit' Language: 'ja' Physical Memory: 16234 MB
BatchMode: 1, IsHumanControllingUs: 0, StartBugReporterOnCrash: 0, Is64bit: 1, IsPro: 0

 COMMAND LINE ARGUMENTS:
C:\Program Files\Unity\Hub\Editor\2020.2.6f1\Unity\Editor\Unity.exe
-adb2
-batchMode
-noUpm
-name
AssetImportWorker0
-projectPath
C:/Users/Eloy/Desktop/Work/Projects/Games/Unity/Unity-Projects/Trash-Island
-logFile
Logs/AssetImportWorker0.log
-srvPort
3014
Successfully changed project path to: C:/Users/Eloy/Desktop/Work/Projects/Games/Unity/Unity-Projects/Trash-Island
C:/Users/Eloy/Desktop/Work/Projects/Games/Unity/Unity-Projects/Trash-Island
Using Asset Import Pipeline V2.
Refreshing native plugins compatible for Editor in 75.44 ms, found 0 plugins.
Preloading 0 native plugins for Editor in 0.00 ms.
Initialize engine version: 2020.2.6f1 (8a2143876886)
[Subsystems] Discovering subsystems at path C:/Program Files/Unity/Hub/Editor/2020.2.6f1/Unity/Editor/Data/Resources/UnitySubsystems
[Subsystems] Discovering subsystems at path C:/Users/Eloy/Desktop/Work/Projects/Games/Unity/Unity-Projects/Trash-Island/Assets
GfxDevice: creating device client; threaded=0
Direct3D:
    Version:  Direct3D 11.0 [level 11.1]
    Renderer: NVIDIA GeForce GTX 1660 Ti (ID=0x2191)
    Vendor:   
    VRAM:     5991 MB
    Driver:   27.21.14.6172
Initialize mono
Mono path[0] = 'C:/Program Files/Unity/Hub/Editor/2020.2.6f1/Unity/Editor/Data/Managed'
Mono path[1] = 'C:/Program Files/Unity/Hub/Editor/2020.2.6f1/Unity/Editor/Data/MonoBleedingEdge/lib/mono/unityjit'
Mono config path = 'C:/Program Files/Unity/Hub/Editor/2020.2.6f1/Unity/Editor/Data/MonoBleedingEdge/etc'
Using monoOptions --debugger-agent=transport=dt_socket,embedding=1,server=y,suspend=n,address=127.0.0.1:56024
Begin MonoManager ReloadAssembly
Registering precompiled unity dll's ...
Register platform support module: C:/Program Files/Unity/Hub/Editor/2020.2.6f1/Unity/Editor/Data/PlaybackEngines/WindowsStandaloneSupport/UnityEditor.WindowsStandalone.Extensions.dll
Registered in 0.001687 seconds.
Native extension for WindowsStandalone target not found
Refreshing native plugins compatible for Editor in 89.11 ms, found 0 plugins.
Preloading 0 native plugins for Editor in 0.00 ms.
Invoked RoslynAnalysisRunner static constructor.
RoslynAnalysisRunner will not be running.
RoslynAnalysisRunner has terminated.
Mono: successfully reloaded assembly
- Completed reload, in  1.207 seconds
Platform modules already initialized, skipping
Registering precompiled user dll's ...
Registered in 0.006425 seconds.
Begin MonoManager ReloadAssembly
Native extension for WindowsStandalone target not found
Refreshing native plugins compatible for Editor in 89.95 ms, found 0 plugins.
Preloading 0 native plugins for Editor in 0.00 ms.
Invoked RoslynAnalysisRunner static constructor.
RoslynAnalysisRunner will not be running.
RoslynAnalysisRunner has terminated.
Mono: successfully reloaded assembly
- Completed reload, in  1.844 seconds
Platform modules already initialized, skipping
========================================================================
Worker process is ready to serve import requests
Shader 'Universal Render Pipeline/Particles/Lit': fallback shader 'Universal Render Pipeline/Particles/SimpleLit' not found
Shader 'Universal Render Pipeline/Particles/Lit': fallback shader 'Universal Render Pipeline/Particles/SimpleLit' not found
Launched and connected shader compiler UnityShaderCompiler.exe after 0.04 seconds
Refreshing native plugins compatible for Editor in 0.80 ms, found 0 plugins.
Preloading 0 native plugins for Editor in 0.00 ms.
Unloading 3420 Unused Serialized files (Serialized files now loaded: 0)
System memory in use before: 174.0 MB.
System memory in use after: 172.3 MB.

Unloading 52 unused Assets to reduce memory usage. Loaded Objects now: 3841.
Total: 11.947300 ms (FindLiveObjects: 0.558900 ms CreateObjectMapping: 0.262400 ms MarkObjects: 9.898900 ms  DeleteObjects: 1.225700 ms)

========================================================================
Received Prepare
Registering precompiled user dll's ...
Registered in 0.006176 seconds.
Begin MonoManager ReloadAssembly
Native extension for WindowsStandalone target not found
Refreshing native plugins compatible for Editor in 0.80 ms, found 0 plugins.
Preloading 0 native plugins for Editor in 0.00 ms.
Invoked RoslynAnalysisRunner static constructor.
RoslynAnalysisRunner will not be running.
RoslynAnalysisRunner has terminated.
Mono: successfully reloaded assembly
- Completed reload, in  1.589 seconds
Platform modules already initialized, skipping
Shader 'Universal Render Pipeline/Particles/Lit': fallback shader 'Universal Render Pipeline/Particles/SimpleLit' not found
Shader 'Universal Render Pipeline/Particles/Lit': fallback shader 'Universal Render Pipeline/Particles/SimpleLit' not found
Refreshing native plugins compatible for Editor in 0.79 ms, found 0 plugins.
Preloading 0 native plugins for Editor in 0.00 ms.
Unloading 3324 Unused Serialized files (Serialized files now loaded: 0)
System memory in use before: 174.8 MB.
System memory in use after: 173.1 MB.

Unloading 47 unused Assets to reduce memory usage. Loaded Objects now: 3843.
Total: 13.269800 ms (FindLiveObjects: 0.538800 ms CreateObjectMapping: 0.314300 ms MarkObjects: 11.069200 ms  DeleteObjects: 1.345300 ms)

========================================================================
Received Import Request.
  path: Assets/Scripts/Player/PauseMenu.cs
  artifactKey: Guid(289868707fb766049b081efdcdfb85a9) Importer(815301076,1909f56bfc062723c751e8b465ee728b)
Start importing Assets/Scripts/Player/PauseMenu.cs using Guid(289868707fb766049b081efdcdfb85a9) Importer(815301076,1909f56bfc062723c751e8b465ee728b)  -> (artifact id: '0eebcb578334acce03b4417d52b2356f') in 0.026857 seconds
  Import took 0.033199 seconds .

========================================================================
Received Import Request.
  Time since last request: 233.040182 seconds.
  path: ProjectSettings/TagManager.asset
  artifactKey: Guid(00000000000000003000000000000000) Importer(815301076,1909f56bfc062723c751e8b465ee728b)
Start importing ProjectSettings/TagManager.asset using Guid(00000000000000003000000000000000) Importer(815301076,1909f56bfc062723c751e8b465ee728b)  -> (artifact id: '228d3278cfab4614356cc5798203bf4a') in 0.021415 seconds
  Import took 0.027850 seconds .

========================================================================
Received Prepare
Registering precompiled user dll's ...
Registered in 0.005979 seconds.
Begin MonoManager ReloadAssembly
Native extension for WindowsStandalone target not found
Refreshing native plugins compatible for Editor in 0.80 ms, found 0 plugins.
Preloading 0 native plugins for Editor in 0.00 ms.
Invoked RoslynAnalysisRunner static constructor.
RoslynAnalysisRunner will not be running.
RoslynAnalysisRunner has terminated.
Mono: successfully reloaded assembly
- Completed reload, in  1.584 seconds
Platform modules already initialized, skipping
Shader 'Universal Render Pipeline/Particles/Lit': fallback shader 'Universal Render Pipeline/Particles/SimpleLit' not found
Shader 'Universal Render Pipeline/Particles/Lit': fallback shader 'Universal Render Pipeline/Particles/SimpleLit' not found
Refreshing native plugins compatible for Editor in 0.80 ms, found 0 plugins.
Preloading 0 native plugins for Editor in 0.00 ms.
Unloading 3324 Unused Serialized files (Serialized files now loaded: 0)
System memory in use before: 174.9 MB.
System memory in use after: 173.2 MB.

Unloading 48 unused Assets to reduce memory usage. Loaded Objects now: 3845.
Total: 12.362200 ms (FindLiveObjects: 0.373500 ms CreateObjectMapping: 0.248300 ms MarkObjects: 10.459900 ms  DeleteObjects: 1.278800 ms)

========================================================================
Received Import Request.
  Time since last request: 126.907358 seconds.
  path: Assets/Prefabs/PauseMenu.prefab
  artifactKey: Guid(7f120358c1799a34fa11382c9ab24449) Importer(815301076,1909f56bfc062723c751e8b465ee728b)
Start importing Assets/Prefabs/PauseMenu.prefab using Guid(7f120358c1799a34fa11382c9ab24449) Importer(815301076,1909f56bfc062723c751e8b465ee728b)  -> (artifact id: 'a276a287765bf1660f32a37234bf1516') in 0.079534 seconds
  Import took 0.086286 seconds .

========================================================================
Received Import Request.
  Time since last request: 0.021348 seconds.
  path: Assets/Prefabs/PauseMenu.prefab
  artifactKey: Guid(7f120358c1799a34fa11382c9ab24449) Importer(815301076,1909f56bfc062723c751e8b465ee728b)
Start importing Assets/Prefabs/PauseMenu.prefab using Guid(7f120358c1799a34fa11382c9ab24449) Importer(815301076,1909f56bfc062723c751e8b465ee728b)  -> (artifact id: 'a276a287765bf1660f32a37234bf1516') in 0.004576 seconds
  Import took 0.011321 seconds .

========================================================================
Received Import Request.
  Time since last request: 22.745443 seconds.
  path: Assets/Scripts/Player/Player.cs
  artifactKey: Guid(13c814c5413b5a74b9d951db4e5c5827) Importer(815301076,1909f56bfc062723c751e8b465ee728b)
Start importing Assets/Scripts/Player/Player.cs using Guid(13c814c5413b5a74b9d951db4e5c5827) Importer(815301076,1909f56bfc062723c751e8b465ee728b)  -> (artifact id: 'ab29de35cc724c7675265467c8a68368') in 0.008217 seconds
  Import took 0.013592 seconds .

========================================================================
Received Import Request.
  Time since last request: 0.831173 seconds.
  path: Assets/Scripts/Player/PauseMenu.cs
  artifactKey: Guid(289868707fb766049b081efdcdfb85a9) Importer(815301076,1909f56bfc062723c751e8b465ee728b)
Start importing Assets/Scripts/Player/PauseMenu.cs using Guid(289868707fb766049b081efdcdfb85a9) Importer(815301076,1909f56bfc062723c751e8b465ee728b)  -> (artifact id: 'e90d5cb2586dc612cdb93727e3b69423') in 0.002433 seconds
  Import took 0.007636 seconds .

========================================================================
Received Prepare
Registering precompiled user dll's ...
Registered in 0.006047 seconds.
Begin MonoManager ReloadAssembly
Native extension for WindowsStandalone target not found
Refreshing native plugins compatible for Editor in 0.80 ms, found 0 plugins.
Preloading 0 native plugins for Editor in 0.00 ms.
Invoked RoslynAnalysisRunner static constructor.
RoslynAnalysisRunner will not be running.
RoslynAnalysisRunner has terminated.
Mono: successfully reloaded assembly
- Completed reload, in  1.584 seconds
Platform modules already initialized, skipping
Shader 'Universal Render Pipeline/Particles/Lit': fallback shader 'Universal Render Pipeline/Particles/SimpleLit' not found
Shader 'Universal Render Pipeline/Particles/Lit': fallback shader 'Universal Render Pipeline/Particles/SimpleLit' not found
Refreshing native plugins compatible for Editor in 0.81 ms, found 0 plugins.
Preloading 0 native plugins for Editor in 0.00 ms.
Unloading 3324 Unused Serialized files (Serialized files now loaded: 0)
System memory in use before: 175.0 MB.
System memory in use after: 173.2 MB.

Unloading 47 unused Assets to reduce memory usage. Loaded Objects now: 3847.
Total: 14.190500 ms (FindLiveObjects: 0.453000 ms CreateObjectMapping: 0.394900 ms MarkObjects: 12.044900 ms  DeleteObjects: 1.296400 ms)

========================================================================
Received Prepare
Registering precompiled user dll's ...
Registered in 0.007705 seconds.
Begin MonoManager ReloadAssembly
Native extension for WindowsStandalone target not found
Refreshing native plugins compatible for Editor in 0.77 ms, found 0 plugins.
Preloading 0 native plugins for Editor in 0.00 ms.
Invoked RoslynAnalysisRunner static constructor.
RoslynAnalysisRunner will not be running.
RoslynAnalysisRunner has terminated.
Mono: successfully reloaded assembly
- Completed reload, in  1.571 seconds
Platform modules already initialized, skipping
Shader 'Universal Render Pipeline/Particles/Lit': fallback shader 'Universal Render Pipeline/Particles/SimpleLit' not found
Shader 'Universal Render Pipeline/Particles/Lit': fallback shader 'Universal Render Pipeline/Particles/SimpleLit' not found
Refreshing native plugins compatible for Editor in 0.79 ms, found 0 plugins.
Preloading 0 native plugins for Editor in 0.00 ms.
Unloading 3324 Unused Serialized files (Serialized files now loaded: 0)
System memory in use before: 175.0 MB.
System memory in use after: 173.3 MB.

Unloading 47 unused Assets to reduce memory usage. Loaded Objects now: 3849.
Total: 13.440100 ms (FindLiveObjects: 0.367500 ms CreateObjectMapping: 0.251700 ms MarkObjects: 11.360500 ms  DeleteObjects: 1.458700 ms)

========================================================================
Received Import Request.
  Time since last request: 302.130977 seconds.
  path: Packages/dev.yarnspinner.unity/Editor/Icons/YarnSpinnerEditorWindow.psd
  artifactKey: Guid(5eb29ddb696b54505b296d1c7a049150) Importer(815301076,1909f56bfc062723c751e8b465ee728b)
Start importing Packages/dev.yarnspinner.unity/Editor/Icons/YarnSpinnerEditorWindow.psd using Guid(5eb29ddb696b54505b296d1c7a049150) Importer(815301076,1909f56bfc062723c751e8b465ee728b)  -> (artifact id: '4476354a216bd51283f9e9ba066ce433') in 0.094417 seconds
  Import took 0.100778 seconds .

========================================================================
Received Import Request.
  Time since last request: 0.000290 seconds.
  path: Packages/dev.yarnspinner.unity/Editor/Icons/YarnSpinnerLogo.png
  artifactKey: Guid(528a6dd601766934abb8b1053bd798ef) Importer(815301076,1909f56bfc062723c751e8b465ee728b)
Start importing Packages/dev.yarnspinner.unity/Editor/Icons/YarnSpinnerLogo.png using Guid(528a6dd601766934abb8b1053bd798ef) Importer(815301076,1909f56bfc062723c751e8b465ee728b)  -> (artifact id: '96dc5b48275062c7622a5ace86d36e5a') in 0.028088 seconds
  Import took 0.032954 seconds .

========================================================================
Received Import Request.
  Time since last request: 0.000284 seconds.
  path: Packages/dev.yarnspinner.unity/Editor/Icons/YarnSpinnerSuccess.png
  artifactKey: Guid(a6437d2f3b1bf4da7a9619a6b6446a16) Importer(815301076,1909f56bfc062723c751e8b465ee728b)
Start importing Packages/dev.yarnspinner.unity/Editor/Icons/YarnSpinnerSuccess.png using Guid(a6437d2f3b1bf4da7a9619a6b6446a16) Importer(815301076,1909f56bfc062723c751e8b465ee728b)  -> (artifact id: '30a11c368527858011c9e462ff88c5e6') in 0.019449 seconds
  Import took 0.024443 seconds .

========================================================================
Received Import Request.
  Time since last request: 0.000282 seconds.
  path: Packages/dev.yarnspinner.unity/Editor/Icons/YarnSpinnerNotTested.png
  artifactKey: Guid(9ce4f42ddeba844a487cedc0aaa2e793) Importer(815301076,1909f56bfc062723c751e8b465ee728b)
Start importing Packages/dev.yarnspinner.unity/Editor/Icons/YarnSpinnerNotTested.png using Guid(9ce4f42ddeba844a487cedc0aaa2e793) Importer(815301076,1909f56bfc062723c751e8b465ee728b)  -> (artifact id: 'a2505d62267e634d5d90282d485176e6') in 0.017745 seconds
  Import took 0.022797 seconds .

========================================================================
Received Import Request.
  Time since last request: 0.000222 seconds.
  path: Packages/dev.yarnspinner.unity/Editor/Icons/YarnSpinnerFailed.png
  artifactKey: Guid(76d08d996a288451a9644f52ba7cbf74) Importer(815301076,1909f56bfc062723c751e8b465ee728b)
Start importing Packages/dev.yarnspinner.unity/Editor/Icons/YarnSpinnerFailed.png using Guid(76d08d996a288451a9644f52ba7cbf74) Importer(815301076,1909f56bfc062723c751e8b465ee728b)  -> (artifact id: '24bb84de4b52a54b40b23c5ee61c7f6a') in 0.022859 seconds
  Import took 0.028112 seconds .

========================================================================
Received Import Request.
  Time since last request: 16.624232 seconds.
  path: Assets/Sprites/combat-system-ex.psd
  artifactKey: Guid(3244a5d6678524e4f9de3917fd7e4aeb) Importer(815301076,1909f56bfc062723c751e8b465ee728b)
Start importing Assets/Sprites/combat-system-ex.psd using Guid(3244a5d6678524e4f9de3917fd7e4aeb) Importer(815301076,1909f56bfc062723c751e8b465ee728b)  -> (artifact id: '0aae58abb1b7fd69f970c82b87077653') in 0.026616 seconds
  Import took 0.032208 seconds .

========================================================================
Received Import Request.
  Time since last request: 0.000255 seconds.
  path: Assets/Sprites/combat-system-ex.png
  artifactKey: Guid(8ee8def27b23c5b45a4ecdf1f8fb592b) Importer(815301076,1909f56bfc062723c751e8b465ee728b)
Start importing Assets/Sprites/combat-system-ex.png using Guid(8ee8def27b23c5b45a4ecdf1f8fb592b) Importer(815301076,1909f56bfc062723c751e8b465ee728b)  -> (artifact id: '6d24f8d03e6a0120e1ca3b6286d43c52') in 0.018297 seconds
  Import took 0.023149 seconds .

========================================================================
Received Import Request.
  Time since last request: 0.012665 seconds.
  path: Assets/Sprites/combat-system-ex.psd
  artifactKey: Guid(3244a5d6678524e4f9de3917fd7e4aeb) Importer(815301076,1909f56bfc062723c751e8b465ee728b)
Start importing Assets/Sprites/combat-system-ex.psd using Guid(3244a5d6678524e4f9de3917fd7e4aeb) Importer(815301076,1909f56bfc062723c751e8b465ee728b)  -> (artifact id: '0aae58abb1b7fd69f970c82b87077653') in 0.010960 seconds
  Import took 0.016556 seconds .

========================================================================
Received Import Request.
  Time since last request: 207.126249 seconds.
  path: Assets/Sprites/spr_healthbar.png
  artifactKey: Guid(a05c3b70f6fa2184d95340ed4d787b55) Importer(815301076,1909f56bfc062723c751e8b465ee728b)
Start importing Assets/Sprites/spr_healthbar.png using Guid(a05c3b70f6fa2184d95340ed4d787b55) Importer(815301076,1909f56bfc062723c751e8b465ee728b)  -> (artifact id: '427cd07972a9b6c31068a17dee867879') in 0.018837 seconds
  Import took 0.028402 seconds .

AssetImportWorkerClient::OnTransportError - code=2 error=End of file
